2025-06-14 15:26:16 [main] INFO  o.s.t.c.s.AnnotationConfigContextLoaderUtils - Could not detect default configuration classes for test class [com.example.demo.AppUserControllerTest]: AppUserControllerTest does not declare any static, non-private, non-final, nested classes annotated with @Configuration.
2025-06-14 15:26:17 [main] INFO  o.s.b.t.c.SpringBootTestContextBootstrapper - Found @SpringBootConfiguration com.example.demo.DemoApplication for test class com.example.demo.AppUserControllerTest
2025-06-14 15:26:18 [main] INFO  o.s.b.d.r.RestartApplicationListener - Restart disabled due to context in which it is running
2025-06-14 15:26:18 [background-preinit] INFO  o.h.validator.internal.util.Version - HV000001: Hibernate Validator 8.0.1.Final
2025-06-14 15:26:18 [main] INFO  c.example.demo.AppUserControllerTest - Starting AppUserControllerTest using Java 23.0.1 with PID 11876 (started by linus in C:\Users\linus\Documents\GitHub\demo)
2025-06-14 15:26:18 [main] DEBUG c.example.demo.AppUserControllerTest - Running with Spring Boot v3.2.0, Spring v6.1.1
2025-06-14 15:26:18 [main] INFO  c.example.demo.AppUserControllerTest - The following 1 profile is active: "test"
2025-06-14 15:26:21 [main] INFO  o.s.d.r.c.RepositoryConfigurationDelegate - Bootstrapping Spring Data JPA repositories in DEFAULT mode.
2025-06-14 15:26:22 [main] INFO  o.s.d.r.c.RepositoryConfigurationDelegate - Finished Spring Data repository scanning in 83 ms. Found 1 JPA repository interface.
2025-06-14 15:26:23 [main] INFO  o.h.jpa.internal.util.LogHelper - HHH000204: Processing PersistenceUnitInfo [name: default]
2025-06-14 15:26:23 [main] INFO  org.hibernate.Version - HHH000412: Hibernate ORM core version 6.3.1.Final
2025-06-14 15:26:23 [main] INFO  o.h.c.i.RegionFactoryInitiator - HHH000026: Second-level cache disabled
2025-06-14 15:26:24 [main] INFO  o.s.o.j.p.SpringPersistenceUnitInfo - No LoadTimeWeaver setup: ignoring JPA class transformer
2025-06-14 15:26:24 [main] INFO  com.zaxxer.hikari.HikariDataSource - HikariPool-1 - Starting...
2025-06-14 15:26:24 [main] INFO  com.zaxxer.hikari.pool.HikariPool - HikariPool-1 - Added connection conn0: url=jdbc:h2:mem:testdb user=SA
2025-06-14 15:26:24 [main] INFO  com.zaxxer.hikari.HikariDataSource - HikariPool-1 - Start completed.
2025-06-14 15:26:24 [main] WARN  org.hibernate.dialect.Dialect - HHH000511: The 2.2.0 version for [org.hibernate.dialect.HSQLDialect] is no longer supported, hence certain features may not work properly. The minimum supported version is 2.6.1. Check the community dialects project for available legacy versions.
2025-06-14 15:26:24 [main] WARN  org.hibernate.orm.deprecation - HHH90000025: HSQLDialect does not need to be specified explicitly using 'hibernate.dialect' (remove the property setting and it will be selected by default)
2025-06-14 15:26:25 [main] INFO  o.h.e.t.j.p.i.JtaPlatformInitiator - HHH000489: No JTA platform available (set 'hibernate.transaction.jta.platform' to enable JTA platform integration)
2025-06-14 15:26:25 [main] INFO  o.s.o.j.LocalContainerEntityManagerFactoryBean - Initialized JPA EntityManagerFactory for persistence unit 'default'
2025-06-14 15:26:27 [main] WARN  o.s.b.a.o.j.JpaBaseConfiguration$JpaWebConfiguration - spring.jpa.open-in-view is enabled by default. Therefore, database queries may be performed during view rendering. Explicitly configure spring.jpa.open-in-view to disable this warning
2025-06-14 15:26:28 [main] INFO  o.s.b.a.w.s.WelcomePageHandlerMapping - Adding welcome page template: index
2025-06-14 15:26:28 [main] INFO  o.s.s.web.DefaultSecurityFilterChain - Will secure any request with [org.springframework.security.web.session.DisableEncodeUrlFilter@33319df0, org.springframework.security.web.context.request.async.WebAsyncManagerIntegrationFilter@73b71935, org.springframework.security.web.context.SecurityContextHolderFilter@39eea4f6, org.springframework.security.web.header.HeaderWriterFilter@2e895acb, org.springframework.web.filter.CorsFilter@7d453075, org.springframework.security.web.authentication.logout.LogoutFilter@31ce271c, org.springframework.security.oauth2.server.resource.web.authentication.BearerTokenAuthenticationFilter@17e323fd, org.springframework.security.web.savedrequest.RequestCacheAwareFilter@4400026, org.springframework.security.web.servletapi.SecurityContextHolderAwareRequestFilter@308d8de8, org.springframework.security.web.authentication.AnonymousAuthenticationFilter@16df0ebd, org.springframework.security.web.session.SessionManagementFilter@189fb01b, org.springframework.security.web.access.ExceptionTranslationFilter@285b63eb, org.springframework.security.web.access.intercept.AuthorizationFilter@326d39fd]
2025-06-14 15:26:30 [main] INFO  o.s.b.t.m.w.SpringBootMockServletContext - Initializing Spring TestDispatcherServlet ''
2025-06-14 15:26:30 [main] INFO  o.s.t.w.s.TestDispatcherServlet - Initializing Servlet ''
2025-06-14 15:26:30 [main] INFO  o.s.t.w.s.TestDispatcherServlet - Completed initialization in 2 ms
2025-06-14 15:26:30 [main] INFO  c.example.demo.AppUserControllerTest - Started AppUserControllerTest in 12.534 seconds (process running for 19.003)
2025-06-14 15:26:32 [main] WARN  o.s.w.s.h.HandlerMappingIntrospector - Cache miss for REQUEST dispatch to '/api/users' (previous null). Performing CorsConfiguration lookup. This is logged once only at WARN level, and every time at TRACE.
2025-06-14 15:26:32 [SpringApplicationShutdownHook] INFO  o.s.o.j.LocalContainerEntityManagerFactoryBean - Closing JPA EntityManagerFactory for persistence unit 'default'
2025-06-14 15:26:32 [SpringApplicationShutdownHook] INFO  com.zaxxer.hikari.HikariDataSource - HikariPool-1 - Shutdown initiated...
2025-06-14 15:26:32 [SpringApplicationShutdownHook] INFO  com.zaxxer.hikari.HikariDataSource - HikariPool-1 - Shutdown completed.
