/*C22*/SET SCHEMA PUBLIC
DELETE FROM APP_USER WHERE ID=2
COMMIT
INSERT INTO APP_USER VALUES(4,TRUE,'$2a$10$pFYt.ZLkcu1pVKdA2xsltunPX/o72VEi4lxpZsJTZgLnZh/hbyKkK','USER','G5IbL9WQ5M7KTCodUBkWy6VB7DCRWPdO3FUfu4ZPEId1Cv0d8nXMkwQMyCXPhP2vYmLrM5VmGZwsAnwSev8rzP')
COMMIT
DISCONNECT
/*C23*/SET SCHEMA PUBLIC
DISCONNECT
/*C24*/SET SCHEMA PUBLIC
DISCONNECT
/*C25*/SET SCHEMA PUBLIC
DISCONNECT
/*C26*/SET SCHEMA PUBLIC
DISCONNECT
/*C27*/SET SCHEMA PUBLIC
DISCONNECT
/*C28*/SET SCHEMA PUBLIC
DISCONNECT
/*C29*/SET SCHEMA PUBLIC
DISCONNECT
/*C30*/SET SCHEMA PUBLIC
DISCONNECT
/*C31*/SET SCHEMA PUBLIC
DISCONNECT
